<?xml version="1.0" encoding="UTF-8"?>
<testsuite xmlns:xsi="http://www.w3.org/2001/XMLSchema-instance" xsi:noNamespaceSchemaLocation="https://maven.apache.org/surefire/maven-surefire-plugin/xsd/surefire-test-report-3.0.xsd" version="3.0" name="Amazon automation" time="8.221" tests="1" errors="0" skipped="0" failures="0">
  <properties>
[...]
</properties>
  <testcase name="Amazon Home Page" classname="Amazon automation" time="8.221">
    <system-out><![CDATA[

2
 Scenarios (
&amp#27;[32m2 passed&amp#27;[0m
)


2
 Steps (
&amp#27;[32m2 passed&amp#27;[0m
)


0m
16.555s







Scenario: Amazon Home Page                 &amp#27;[90m# src/test/resources/amazon.feature:2&amp#27;[0m
This will run before each Scenario
Amazon Home Page
2
2020-08-16 21:11:09 [pool-2-thread-1] INFO  AmazonSteps:15 - Navigating to amazon.com
  &amp#27;[32mGiven &amp#27;[0m&amp#27;[32mUser navigates to Amazon Home page&amp#27;[0m &amp#27;[90m# steps.AmazonSteps.user_navigates_to_Amazon_Home_page()&amp#27;[0m
This will run after each Scenario
Hooks clean up
Amazon Home Page
PASSED
]]></system-out>
    <system-err><![CDATA[Starting ChromeDriver 84.0.4147.30 (48b3e868b4cc0aa7e8149519690b6f6949e110a8-refs/branch-heads/4147@{#310}) on port 25423
Only local connections are allowed.
Please see https://chromedriver.chromium.org/security-considerations for suggestions on keeping ChromeDriver safe.
ChromeDriver was started successfully.
Aug 16, 2020 9:11:07 PM org.openqa.selenium.remote.ProtocolHandshake createSession
INFO: Detected dialect: W3C
]]></system-err>
  </testcase>
</testsuite>